<?xml version="1.0" encoding="UTF-8"?>
<!-- Generated by org.testng.reporters.JUnitReportReporter -->
<testsuite hostname="DESKTOP-AJO179A" failures="0" tests="6" name="testngframework.runframeworktestng" time="79.717" errors="0" timestamp="2020-09-05T11:45:33 EDT" skipped="0">
  <testcase classname="testngframework.runframeworktestng" name="TC_0001" time="17.949"/>
  <system-out/>
  <testcase classname="testngframework.runframeworktestng" name="TC_0002" time="6.577"/>
  <system-out/>
  <testcase classname="testngframework.runframeworktestng" name="TC_0003" time="10.803"/>
  <system-out/>
  <testcase classname="testngframework.runframeworktestng" name="TC_0004" time="6.270"/>
  <system-out/>
  <testcase classname="testngframework.runframeworktestng" name="TC_0005" time="19.778"/>
  <system-out/>
  <testcase classname="testngframework.runframeworktestng" name="TC_0006" time="18.340"/>
  <system-out/>
</testsuite> <!-- testngframework.runframeworktestng -->
